<?xml version="1.0" encoding="UTF-8"?>
<!-- Generated by org.testng.reporters.JUnitReportReporter -->
<testsuite hostname="subhadeeps-mbp.lan" failures="0" tests="1" name="settingAPI.TC002_PostAPI_SetUp" time="1.310" errors="0" timestamp="11 Aug 2019 20:57:26 GMT" skipped="0">
  <testcase classname="settingAPI.TC002_PostAPI_SetUp" name="setUp" time="1.310"/>
</testsuite> <!-- settingAPI.TC002_PostAPI_SetUp -->
