<?xml version="1.0" encoding="UTF-8"?>
<!-- Generated by org.testng.reporters.JUnitReportReporter -->
<testsuite hostname="subhadeeps-mbp.lan" failures="0" tests="1" name="settingAPI.TC001_Alternative_PostAPI_Call" time="1.236" errors="0" timestamp="11 Aug 2019 21:41:38 GMT" skipped="0">
  <testcase classname="settingAPI.TC001_Alternative_PostAPI_Call" name="alternativePostSetUp" time="1.236"/>
</testsuite> <!-- settingAPI.TC001_Alternative_PostAPI_Call -->
