<?xml version="1.0" encoding="UTF-8"?>
<!-- Generated by org.testng.reporters.JUnitReportReporter -->
<testsuite hostname="subhadeeps-mbp.lan" failures="0" tests="1" name="settingAPI.TC001_GetAPI_SetUp" time="1.085" errors="0" timestamp="11 Aug 2019 19:23:46 GMT" skipped="0">
  <testcase classname="settingAPI.TC001_GetAPI_SetUp" name="setUp" time="1.085"/>
</testsuite> <!-- settingAPI.TC001_GetAPI_SetUp -->
